<?xml version="1.0" encoding="UTF-8"?>
<testng-results skipped="0" failed="0" ignored="0" total="1" passed="1">
  <reporter-output>
  </reporter-output>
  <suite name="Suite" duration-ms="21244" started-at="2021-04-22T09:28:30Z" finished-at="2021-04-22T09:28:51Z">
    <groups>
    </groups>
    <test name="Test" duration-ms="21244" started-at="2021-04-22T09:28:30Z" finished-at="2021-04-22T09:28:51Z">
      <class name="googlePage.GmailPg">
        <test-method status="PASS" signature="showPg()[pri:0, instance:googlePage.GmailPg@8bd1b6a]" name="showPg" duration-ms="21213" started-at="2021-04-22T09:28:30Z" finished-at="2021-04-22T09:28:51Z">
          <reporter-output>
          </reporter-output>
        </test-method> <!-- showPg -->
      </class> <!-- googlePage.GmailPg -->
    </test> <!-- Test -->
  </suite> <!-- Suite -->
</testng-results>
